  Bullet.cpp
C:\VisualProject\Win32Study\Win32Study\Win32Study\struct.h(29,14): warning C4244: 'return': 'double'에서 'float'(으)로 변환하면서 데이터가 손실될 수 있습니다.
C:\VisualProject\Win32Study\Win32Study\Win32Study\Projectile.h(25,48): warning C4244: '=': 'int'에서 'float'(으)로 변환하면서 데이터가 손실될 수 있습니다.
C:\VisualProject\Win32Study\Win32Study\Win32Study\Projectile.h(26,48): warning C4244: '=': 'int'에서 'float'(으)로 변환하면서 데이터가 손실될 수 있습니다.
C:\VisualProject\Win32Study\Win32Study\Win32Study\Bullet.cpp(31,25): warning C4244: '인수': 'float'에서 'int'(으)로 변환하면서 데이터가 손실될 수 있습니다.
C:\VisualProject\Win32Study\Win32Study\Win32Study\Bullet.cpp(30,25): warning C4244: '인수': 'float'에서 'int'(으)로 변환하면서 데이터가 손실될 수 있습니다.
C:\VisualProject\Win32Study\Win32Study\Win32Study\Bullet.cpp(29,25): warning C4244: '인수': 'float'에서 'int'(으)로 변환하면서 데이터가 손실될 수 있습니다.
C:\VisualProject\Win32Study\Win32Study\Win32Study\Bullet.cpp(28,25): warning C4244: '인수': 'float'에서 'int'(으)로 변환하면서 데이터가 손실될 수 있습니다.
  GameCore.cpp
C:\VisualProject\Win32Study\Win32Study\Win32Study\struct.h(29,14): warning C4244: 'return': 'double'에서 'float'(으)로 변환하면서 데이터가 손실될 수 있습니다.
  GameObject.cpp
C:\VisualProject\Win32Study\Win32Study\Win32Study\struct.h(29,14): warning C4244: 'return': 'double'에서 'float'(으)로 변환하면서 데이터가 손실될 수 있습니다.
  GameResource.cpp
C:\VisualProject\Win32Study\Win32Study\Win32Study\struct.h(29,14): warning C4244: 'return': 'double'에서 'float'(으)로 변환하면서 데이터가 손실될 수 있습니다.
C:\VisualProject\Win32Study\Win32Study\Win32Study\GameResource.cpp(5,1): error C2533: 'GameResource::{ctor}': 생성자에서 반환 형식을 사용할 수 없습니다.
  GameScene.cpp
C:\VisualProject\Win32Study\Win32Study\Win32Study\struct.h(29,14): warning C4244: 'return': 'double'에서 'float'(으)로 변환하면서 데이터가 손실될 수 있습니다.
  GameSceneStart.cpp
C:\VisualProject\Win32Study\Win32Study\Win32Study\struct.h(29,14): warning C4244: 'return': 'double'에서 'float'(으)로 변환하면서 데이터가 손실될 수 있습니다.
  KeyManager.cpp
C:\VisualProject\Win32Study\Win32Study\Win32Study\struct.h(29,14): warning C4244: 'return': 'double'에서 'float'(으)로 변환하면서 데이터가 손실될 수 있습니다.
  Missile.cpp
C:\VisualProject\Win32Study\Win32Study\Win32Study\struct.h(29,14): warning C4244: 'return': 'double'에서 'float'(으)로 변환하면서 데이터가 손실될 수 있습니다.
C:\VisualProject\Win32Study\Win32Study\Win32Study\Projectile.h(25,48): warning C4244: '=': 'int'에서 'float'(으)로 변환하면서 데이터가 손실될 수 있습니다.
C:\VisualProject\Win32Study\Win32Study\Win32Study\Projectile.h(26,48): warning C4244: '=': 'int'에서 'float'(으)로 변환하면서 데이터가 손실될 수 있습니다.
C:\VisualProject\Win32Study\Win32Study\Win32Study\Missile.cpp(30,25): warning C4244: '인수': 'float'에서 'int'(으)로 변환하면서 데이터가 손실될 수 있습니다.
C:\VisualProject\Win32Study\Win32Study\Win32Study\Missile.cpp(29,25): warning C4244: '인수': 'float'에서 'int'(으)로 변환하면서 데이터가 손실될 수 있습니다.
C:\VisualProject\Win32Study\Win32Study\Win32Study\Missile.cpp(28,25): warning C4244: '인수': 'float'에서 'int'(으)로 변환하면서 데이터가 손실될 수 있습니다.
C:\VisualProject\Win32Study\Win32Study\Win32Study\Missile.cpp(27,25): warning C4244: '인수': 'float'에서 'int'(으)로 변환하면서 데이터가 손실될 수 있습니다.
  Monster.cpp
C:\VisualProject\Win32Study\Win32Study\Win32Study\struct.h(29,14): warning C4244: 'return': 'double'에서 'float'(으)로 변환하면서 데이터가 손실될 수 있습니다.
C:\VisualProject\Win32Study\Win32Study\Win32Study\Monster.cpp(46,25): warning C4244: '인수': 'float'에서 'int'(으)로 변환하면서 데이터가 손실될 수 있습니다.
C:\VisualProject\Win32Study\Win32Study\Win32Study\Monster.cpp(45,25): warning C4244: '인수': 'float'에서 'int'(으)로 변환하면서 데이터가 손실될 수 있습니다.
C:\VisualProject\Win32Study\Win32Study\Win32Study\Monster.cpp(44,25): warning C4244: '인수': 'float'에서 'int'(으)로 변환하면서 데이터가 손실될 수 있습니다.
C:\VisualProject\Win32Study\Win32Study\Win32Study\Monster.cpp(43,25): warning C4244: '인수': 'float'에서 'int'(으)로 변환하면서 데이터가 손실될 수 있습니다.
  Player.cpp
C:\VisualProject\Win32Study\Win32Study\Win32Study\struct.h(29,14): warning C4244: 'return': 'double'에서 'float'(으)로 변환하면서 데이터가 손실될 수 있습니다.
C:\VisualProject\Win32Study\Win32Study\Win32Study\Projectile.h(25,48): warning C4244: '=': 'int'에서 'float'(으)로 변환하면서 데이터가 손실될 수 있습니다.
C:\VisualProject\Win32Study\Win32Study\Win32Study\Projectile.h(26,48): warning C4244: '=': 'int'에서 'float'(으)로 변환하면서 데이터가 손실될 수 있습니다.
C:\VisualProject\Win32Study\Win32Study\Win32Study\Player.cpp(56,25): warning C4244: '인수': 'float'에서 'int'(으)로 변환하면서 데이터가 손실될 수 있습니다.
C:\VisualProject\Win32Study\Win32Study\Win32Study\Player.cpp(55,25): warning C4244: '인수': 'float'에서 'int'(으)로 변환하면서 데이터가 손실될 수 있습니다.
C:\VisualProject\Win32Study\Win32Study\Win32Study\Player.cpp(54,25): warning C4244: '인수': 'float'에서 'int'(으)로 변환하면서 데이터가 손실될 수 있습니다.
C:\VisualProject\Win32Study\Win32Study\Win32Study\Player.cpp(53,25): warning C4244: '인수': 'float'에서 'int'(으)로 변환하면서 데이터가 손실될 수 있습니다.
C:\VisualProject\Win32Study\Win32Study\Win32Study\Player.cpp(68,19): warning C4244: '인수': 'float'에서 'int'(으)로 변환하면서 데이터가 손실될 수 있습니다.
  Projectile.cpp
C:\VisualProject\Win32Study\Win32Study\Win32Study\struct.h(29,14): warning C4244: 'return': 'double'에서 'float'(으)로 변환하면서 데이터가 손실될 수 있습니다.
C:\VisualProject\Win32Study\Win32Study\Win32Study\Projectile.h(25,48): warning C4244: '=': 'int'에서 'float'(으)로 변환하면서 데이터가 손실될 수 있습니다.
C:\VisualProject\Win32Study\Win32Study\Win32Study\Projectile.h(26,48): warning C4244: '=': 'int'에서 'float'(으)로 변환하면서 데이터가 손실될 수 있습니다.
  SceneManager.cpp
C:\VisualProject\Win32Study\Win32Study\Win32Study\struct.h(29,14): warning C4244: 'return': 'double'에서 'float'(으)로 변환하면서 데이터가 손실될 수 있습니다.
  Sound.cpp
C:\VisualProject\Win32Study\Win32Study\Win32Study\struct.h(29,14): warning C4244: 'return': 'double'에서 'float'(으)로 변환하면서 데이터가 손실될 수 있습니다.
C:\VisualProject\Win32Study\Win32Study\Win32Study\Sound.h(3,1): error C2236: 예기치 않은 토큰 'class'입니다. ';'이 없습니다.
C:\VisualProject\Win32Study\Win32Study\Win32Study\Sound.h(3,13): error C2059: 구문 오류: ':'
C:\VisualProject\Win32Study\Win32Study\Win32Study\Sound.h(4,2): error C2059: 구문 오류: 'public'
C:\VisualProject\Win32Study\Win32Study\Win32Study\Sound.h(5,1): error C2143: 구문 오류: ';'이(가) '{' 앞에 없습니다.
C:\VisualProject\Win32Study\Win32Study\Win32Study\Sound.h(5,1): error C2447: '{': 함수 헤더가 없습니다. 이전 스타일의 형식 목록입니까?
  Texture.cpp
C:\VisualProject\Win32Study\Win32Study\Win32Study\struct.h(29,14): warning C4244: 'return': 'double'에서 'float'(으)로 변환하면서 데이터가 손실될 수 있습니다.
C:\VisualProject\Win32Study\Win32Study\Win32Study\Texture.h(3,1): error C2236: 예기치 않은 토큰 'class'입니다. ';'이 없습니다.
C:\VisualProject\Win32Study\Win32Study\Win32Study\Texture.h(3,15): error C2059: 구문 오류: ':'
C:\VisualProject\Win32Study\Win32Study\Win32Study\Texture.h(4,2): error C2059: 구문 오류: 'public'
C:\VisualProject\Win32Study\Win32Study\Win32Study\Texture.h(5,1): error C2143: 구문 오류: ';'이(가) '{' 앞에 없습니다.
C:\VisualProject\Win32Study\Win32Study\Win32Study\Texture.h(5,1): error C2447: '{': 함수 헤더가 없습니다. 이전 스타일의 형식 목록입니까?
  TimeManager.cpp
C:\VisualProject\Win32Study\Win32Study\Win32Study\struct.h(29,14): warning C4244: 'return': 'double'에서 'float'(으)로 변환하면서 데이터가 손실될 수 있습니다.
  Win32Study.cpp
C:\VisualProject\Win32Study\Win32Study\Win32Study\struct.h(29,14): warning C4244: 'return': 'double'에서 'float'(으)로 변환하면서 데이터가 손실될 수 있습니다.
