  Bullet.cpp
D:\VisualProject\Win32Study\Win32Study\Win32Study\Projectile.h(20,33): warning C4244: 'return': 'float'에서 'int'(으)로 변환하면서 데이터가 손실될 수 있습니다.
D:\VisualProject\Win32Study\Win32Study\Win32Study\Projectile.h(24,48): warning C4244: '=': 'int'에서 'float'(으)로 변환하면서 데이터가 손실될 수 있습니다.
  GameCore.cpp
  GameObject.cpp
  GameScene.cpp
  GameSceneStart.cpp
  KeyManager.cpp
  Monster.cpp
D:\VisualProject\Win32Study\Win32Study\Win32Study\Monster.cpp(46,25): warning C4244: '인수': 'float'에서 'int'(으)로 변환하면서 데이터가 손실될 수 있습니다.
D:\VisualProject\Win32Study\Win32Study\Win32Study\Monster.cpp(45,25): warning C4244: '인수': 'float'에서 'int'(으)로 변환하면서 데이터가 손실될 수 있습니다.
D:\VisualProject\Win32Study\Win32Study\Win32Study\Monster.cpp(44,25): warning C4244: '인수': 'float'에서 'int'(으)로 변환하면서 데이터가 손실될 수 있습니다.
D:\VisualProject\Win32Study\Win32Study\Win32Study\Monster.cpp(43,25): warning C4244: '인수': 'float'에서 'int'(으)로 변환하면서 데이터가 손실될 수 있습니다.
  Player.cpp
D:\VisualProject\Win32Study\Win32Study\Win32Study\Projectile.h(20,33): warning C4244: 'return': 'float'에서 'int'(으)로 변환하면서 데이터가 손실될 수 있습니다.
D:\VisualProject\Win32Study\Win32Study\Win32Study\Projectile.h(24,48): warning C4244: '=': 'int'에서 'float'(으)로 변환하면서 데이터가 손실될 수 있습니다.
D:\VisualProject\Win32Study\Win32Study\Win32Study\Player.cpp(55,25): warning C4244: '인수': 'float'에서 'int'(으)로 변환하면서 데이터가 손실될 수 있습니다.
D:\VisualProject\Win32Study\Win32Study\Win32Study\Player.cpp(54,25): warning C4244: '인수': 'float'에서 'int'(으)로 변환하면서 데이터가 손실될 수 있습니다.
D:\VisualProject\Win32Study\Win32Study\Win32Study\Player.cpp(53,25): warning C4244: '인수': 'float'에서 'int'(으)로 변환하면서 데이터가 손실될 수 있습니다.
D:\VisualProject\Win32Study\Win32Study\Win32Study\Player.cpp(52,25): warning C4244: '인수': 'float'에서 'int'(으)로 변환하면서 데이터가 손실될 수 있습니다.
  Projectile.cpp
D:\VisualProject\Win32Study\Win32Study\Win32Study\Projectile.h(20,33): warning C4244: 'return': 'float'에서 'int'(으)로 변환하면서 데이터가 손실될 수 있습니다.
D:\VisualProject\Win32Study\Win32Study\Win32Study\Projectile.h(24,48): warning C4244: '=': 'int'에서 'float'(으)로 변환하면서 데이터가 손실될 수 있습니다.
  SceneManager.cpp
  TimeManager.cpp
  Win32Study.cpp
  Win32Study.vcxproj -> D:\VisualProject\Win32Study\Win32Study\Debug\Win32Study.exe
