  Bullet.cpp
  GameCore.cpp
  GameObject.cpp
  GameResource.cpp
  GameScene.cpp
  GameSceneStart.cpp
  KeyManager.cpp
  Missile.cpp
  Monster.cpp
  PathManager.cpp
  Player.cpp
  Projectile.cpp
  ResourceManager.cpp
  SceneManager.cpp
  Sound.cpp
  Texture.cpp
  TimeManager.cpp
  WinMain.cpp
C:\Program Files (x86)\Microsoft Visual Studio\2019\Community\MSBuild\Microsoft\VC\v160\Microsoft.CppBuild.targets(1365,5): warning MSB8012: TargetName(CatsAdventureOutput\BinaryDebug)이(가) Linker의 OutputFile 속성 값(BinaryDebug)과 일치하지 않습니다. 이로 인해 프로젝트가 잘못 빌드될 수 있습니다. 이를 수정하려면 $(OutDir), $(TargetName) 및 $(TargetExt) 속성 값이 %(Link.OutputFile)에 지정된 값과 일치해야 합니다.
  CatsAdventure.vcxproj -> D:\VisualProject\CatsAdventure\Win32Study\Debug\CatsAdventureOutput\BinaryDebug.exe
