  Bullet.cpp
  GameCore.cpp
  GameObject.cpp
  GameResource.cpp
  GameScene.cpp
  GameSceneStart.cpp
  KeyManager.cpp
  Missile.cpp
  Monster.cpp
  PathManager.cpp
D:\VisualProject\CatsAdventure\Win32Study\CatsAdventure\PathManager.cpp(18,51): warning C4267: '초기화 중': 'size_t'에서 'int'(으)로 변환하면서 데이터가 손실될 수 있습니다.
  Player.cpp
  Projectile.cpp
  ResourceManager.cpp
  SceneManager.cpp
  Sound.cpp
  Texture.cpp
  TimeManager.cpp
  WinMain.cpp
  CatsAdventure.vcxproj -> D:\VisualProject\CatsAdventure\Win32Study\Output\BinaryDebug\CatsAdventure.exe
